2025-03-21 13:22:09,841 - crawl - INFO - Logging initialized. Log file: /Users/pouria/Documents/Coding/YDR Policy Scraping/ydrpolicy/data2/raw/crawl.log
2025-03-21 13:22:43,132 - crawl - INFO - Logging initialized. Log file: /Users/pouria/Documents/Coding/YDR Policy Scraping/ydrpolicy/data2/raw/crawl.log
2025-03-21 13:23:13,951 - crawl - INFO - Logging initialized. Log file: /Users/pouria/Documents/Coding/YDR Policy Scraping/ydrpolicy/data2/raw/crawl.log
2025-03-21 13:24:48,531 - crawl - INFO - Logging initialized. Log file: /Users/pouria/Documents/Coding/YDR Policy Scraping/ydrpolicy/data2/raw/crawl.log
2025-03-21 13:25:01,935 - crawl - INFO - Logging initialized. Log file: /Users/pouria/Documents/Coding/YDR Policy Scraping/ydrpolicy/data2/raw/crawl.log
2025-03-21 13:25:21,581 - crawl - INFO - Logging initialized. Log file: /Users/pouria/Documents/Coding/YDR Policy Scraping/ydrpolicy/data2/raw/crawl.log
2025-03-21 13:26:06,414 - crawl - INFO - Logging initialized. Log file: /Users/pouria/Documents/Coding/YDR Policy Scraping/ydrpolicy/data2/raw/crawl.log
2025-03-21 13:32:20,142 - crawl - INFO - Logging initialized. Log file: /Users/pouria/Documents/Coding/YDR Policy Scraping/ydrpolicy/data2/raw/crawl.log
2025-03-21 13:36:51,097 - crawl - INFO - Logging initialized. Log file: /Users/pouria/Documents/Coding/YDR Policy Scraping/ydrpolicy/data2/raw/crawl.log
2025-03-21 13:36:51,101 - crawl - INFO - Starting crawler with the following settings:
2025-03-21 13:36:51,101 - crawl - INFO -   - Starting URL: https://medicine.yale.edu/diagnosticradiology/facintranet/policies
2025-03-21 13:36:51,102 - crawl - INFO -   - Maximum depth: 6
2025-03-21 13:36:51,102 - crawl - INFO -   - Follow definite links only: False
2025-03-21 13:36:51,102 - crawl - INFO -   - Resume from previous state: False
2025-03-21 13:36:51,103 - crawl - INFO - Initializing Chrome WebDriver...
2025-03-21 13:36:51,648 - crawl - INFO - WebDriver initialized successfully
2025-03-21 13:36:51,649 - crawl - INFO - Opening https://medicine.yale.edu/diagnosticradiology/facintranet/policies...
2025-03-21 13:36:52,793 - crawl - INFO - Please log in manually. The browser will wait until you're done.
2025-03-21 13:36:52,797 - crawl - INFO - Once you've logged in and can see the policies page, press Enter to continue...
2025-03-21 13:37:21,406 - crawl - INFO - Received termination signal. Saving state and shutting down gracefully...
2025-03-21 13:37:21,408 - crawl - INFO - Closing browser...
2025-03-21 13:37:21,422 - crawl - INFO - Crawler stopped gracefully. Run again with --resume to continue from this point.
2025-03-21 13:37:21,424 - crawl - INFO - Closing the browser...
